[07-Apr-2026 09:23:54 UTC] PHP Warning:  mysqli_real_connect(): (HY000/2002): A kapcsolódási kísérlet nem sikerült, mert a kapcsolódó partner nem válaszolt a megadott időn belül, vagy a létrehozott kapcsolatban hiba történt, mert a kapcsolódó partner nem volt képes válaszolni in C:\Users\Anita\Local Sites\hotelcms\app\public\wp-includes\class-wpdb.php on line 1994
[07-Apr-2026 09:23:54 UTC] PHP Stack trace:
[07-Apr-2026 09:23:54 UTC] PHP   1. {main}() C:\Users\Anita\AppData\Local\Programs\Local\resources\extraResources\bin\wp-cli\wp-cli.phar:0
[07-Apr-2026 09:23:54 UTC] PHP   2. include() C:\Users\Anita\AppData\Local\Programs\Local\resources\extraResources\bin\wp-cli\wp-cli.phar:4
[07-Apr-2026 09:23:54 UTC] PHP   3. include() phar://C:/Users/Anita/AppData/Local/Programs/Local/resources/extraResources/bin/wp-cli/wp-cli.phar/php/boot-phar.php:20
[07-Apr-2026 09:23:54 UTC] PHP   4. WP_CLI\bootstrap() phar://C:/Users/Anita/AppData/Local/Programs/Local/resources/extraResources/bin/wp-cli/wp-cli.phar/vendor/wp-cli/wp-cli/php/wp-cli.php:35
[07-Apr-2026 09:23:54 UTC] PHP   5. WP_CLI\Bootstrap\LaunchRunner->process($state = class WP_CLI\Bootstrap\BootstrapState { private $state = ['config' => [...], 'arguments' => [...], 'assoc_args' => [...], 'context_manager' => class WP_CLI\ContextManager { ... }] }) phar://C:/Users/Anita/AppData/Local/Programs/Local/resources/extraResources/bin/wp-cli/wp-cli.phar/vendor/wp-cli/wp-cli/php/bootstrap.php:84
[07-Apr-2026 09:23:54 UTC] PHP   6. WP_CLI\Runner->start() phar://C:/Users/Anita/AppData/Local/Programs/Local/resources/extraResources/bin/wp-cli/wp-cli.phar/vendor/wp-cli/wp-cli/php/WP_CLI/Bootstrap/LaunchRunner.php:28
[07-Apr-2026 09:23:54 UTC] PHP   7. WP_CLI\Runner->load_wordpress() phar://C:/Users/Anita/AppData/Local/Programs/Local/resources/extraResources/bin/wp-cli/wp-cli.phar/vendor/wp-cli/wp-cli/php/WP_CLI/Runner.php:1293
[07-Apr-2026 09:23:54 UTC] PHP   8. require() phar://C:/Users/Anita/AppData/Local/Programs/Local/resources/extraResources/bin/wp-cli/wp-cli.phar/vendor/wp-cli/wp-cli/php/WP_CLI/Runner.php:1374
[07-Apr-2026 09:23:54 UTC] PHP   9. require_wp_db() C:\Users\Anita\Local Sites\hotelcms\app\public\wp-settings.php:136
[07-Apr-2026 09:23:54 UTC] PHP  10. wpdb->__construct($dbuser = 'hotel_cms_8_user', $dbpassword = '[Sensitive Parameter]', $dbname = 'hotel_cms_8', $dbhost = '10.5.11.12:3306') C:\Users\Anita\Local Sites\hotelcms\app\public\wp-includes\load.php:724
[07-Apr-2026 09:23:54 UTC] PHP  11. wpdb->db_connect($allow_bail = *uninitialized*) C:\Users\Anita\Local Sites\hotelcms\app\public\wp-includes\class-wpdb.php:772
[07-Apr-2026 09:23:54 UTC] PHP  12. mysqli_real_connect($mysql = class mysqli { public $client_info = 'mysqlnd 8.2.30'; public $client_version = 80230; public $connect_errno = 2002; public $connect_error = 'A kapcsolódási kísérlet nem sikerült, mert a kapcsolódó partner nem válaszolt a megadott időn belül, vagy a létrehozott kapcsolatban hiba történt, mert a kapcsolódó partner nem volt képes válaszolni'; public $errno = 2002; public $error = 'A kapcsolódási kísérlet nem sikerült, mert a kapcsolódó partner nem válaszolt a megadott időn belül, vagy a létrehozott kapcsolatban hiba történt, mert a kapcsolódó partner nem volt képes válaszolni' }, $hostname = '10.5.11.12', $username = 'hotel_cms_8_user', $password = '[Sensitive Parameter]', $database = NULL, $port = 3306, $socket = NULL, $flags = 0) C:\Users\Anita\Local Sites\hotelcms\app\public\wp-includes\class-wpdb.php:1994
[07-Apr-2026 09:25:03 UTC] PHP Warning:  mysqli_real_connect(): (HY000/2002): A kapcsolódási kísérlet nem sikerült, mert a kapcsolódó partner nem válaszolt a megadott időn belül, vagy a létrehozott kapcsolatban hiba történt, mert a kapcsolódó partner nem volt képes válaszolni in C:\Users\Anita\Local Sites\hotelcms\app\public\wp-includes\class-wpdb.php on line 1994
[07-Apr-2026 09:25:03 UTC] PHP Stack trace:
[07-Apr-2026 09:25:03 UTC] PHP   1. {main}() C:\Users\Anita\AppData\Local\Programs\Local\resources\extraResources\bin\wp-cli\wp-cli.phar:0
[07-Apr-2026 09:25:03 UTC] PHP   2. include() C:\Users\Anita\AppData\Local\Programs\Local\resources\extraResources\bin\wp-cli\wp-cli.phar:4
[07-Apr-2026 09:25:03 UTC] PHP   3. include() phar://C:/Users/Anita/AppData/Local/Programs/Local/resources/extraResources/bin/wp-cli/wp-cli.phar/php/boot-phar.php:20
[07-Apr-2026 09:25:03 UTC] PHP   4. WP_CLI\bootstrap() phar://C:/Users/Anita/AppData/Local/Programs/Local/resources/extraResources/bin/wp-cli/wp-cli.phar/vendor/wp-cli/wp-cli/php/wp-cli.php:35
[07-Apr-2026 09:25:03 UTC] PHP   5. WP_CLI\Bootstrap\LaunchRunner->process($state = class WP_CLI\Bootstrap\BootstrapState { private $state = ['config' => [...], 'arguments' => [...], 'assoc_args' => [...], 'context_manager' => class WP_CLI\ContextManager { ... }] }) phar://C:/Users/Anita/AppData/Local/Programs/Local/resources/extraResources/bin/wp-cli/wp-cli.phar/vendor/wp-cli/wp-cli/php/bootstrap.php:84
[07-Apr-2026 09:25:03 UTC] PHP   6. WP_CLI\Runner->start() phar://C:/Users/Anita/AppData/Local/Programs/Local/resources/extraResources/bin/wp-cli/wp-cli.phar/vendor/wp-cli/wp-cli/php/WP_CLI/Bootstrap/LaunchRunner.php:28
[07-Apr-2026 09:25:03 UTC] PHP   7. WP_CLI\Runner->load_wordpress() phar://C:/Users/Anita/AppData/Local/Programs/Local/resources/extraResources/bin/wp-cli/wp-cli.phar/vendor/wp-cli/wp-cli/php/WP_CLI/Runner.php:1293
[07-Apr-2026 09:25:03 UTC] PHP   8. require() phar://C:/Users/Anita/AppData/Local/Programs/Local/resources/extraResources/bin/wp-cli/wp-cli.phar/vendor/wp-cli/wp-cli/php/WP_CLI/Runner.php:1374
[07-Apr-2026 09:25:03 UTC] PHP   9. require_wp_db() C:\Users\Anita\Local Sites\hotelcms\app\public\wp-settings.php:136
[07-Apr-2026 09:25:03 UTC] PHP  10. wpdb->__construct($dbuser = 'hotel_cms_8_user', $dbpassword = '[Sensitive Parameter]', $dbname = 'hotel_cms_8', $dbhost = '10.5.11.12:3306') C:\Users\Anita\Local Sites\hotelcms\app\public\wp-includes\load.php:724
[07-Apr-2026 09:25:03 UTC] PHP  11. wpdb->db_connect($allow_bail = *uninitialized*) C:\Users\Anita\Local Sites\hotelcms\app\public\wp-includes\class-wpdb.php:772
[07-Apr-2026 09:25:03 UTC] PHP  12. mysqli_real_connect($mysql = class mysqli { public $client_info = 'mysqlnd 8.2.30'; public $client_version = 80230; public $connect_errno = 2002; public $connect_error = 'A kapcsolódási kísérlet nem sikerült, mert a kapcsolódó partner nem válaszolt a megadott időn belül, vagy a létrehozott kapcsolatban hiba történt, mert a kapcsolódó partner nem volt képes válaszolni'; public $errno = 2002; public $error = 'A kapcsolódási kísérlet nem sikerült, mert a kapcsolódó partner nem válaszolt a megadott időn belül, vagy a létrehozott kapcsolatban hiba történt, mert a kapcsolódó partner nem volt képes válaszolni' }, $hostname = '10.5.11.12', $username = 'hotel_cms_8_user', $password = '[Sensitive Parameter]', $database = NULL, $port = 3306, $socket = NULL, $flags = 0) C:\Users\Anita\Local Sites\hotelcms\app\public\wp-includes\class-wpdb.php:1994
[07-Apr-2026 09:25:06 UTC] PHP Warning:  mysqli_real_connect(): (HY000/2002): A kapcsolódási kísérlet nem sikerült, mert a kapcsolódó partner nem válaszolt a megadott időn belül, vagy a létrehozott kapcsolatban hiba történt, mert a kapcsolódó partner nem volt képes válaszolni in C:\Users\Anita\Local Sites\hotelcms\app\public\wp-includes\class-wpdb.php on line 1994
[07-Apr-2026 09:25:06 UTC] PHP Stack trace:
[07-Apr-2026 09:25:06 UTC] PHP   1. {main}() C:\Users\Anita\AppData\Local\Programs\Local\resources\extraResources\bin\wp-cli\wp-cli.phar:0
[07-Apr-2026 09:25:06 UTC] PHP   2. include() C:\Users\Anita\AppData\Local\Programs\Local\resources\extraResources\bin\wp-cli\wp-cli.phar:4
[07-Apr-2026 09:25:06 UTC] PHP   3. include() phar://C:/Users/Anita/AppData/Local/Programs/Local/resources/extraResources/bin/wp-cli/wp-cli.phar/php/boot-phar.php:20
[07-Apr-2026 09:25:06 UTC] PHP   4. WP_CLI\bootstrap() phar://C:/Users/Anita/AppData/Local/Programs/Local/resources/extraResources/bin/wp-cli/wp-cli.phar/vendor/wp-cli/wp-cli/php/wp-cli.php:35
[07-Apr-2026 09:25:06 UTC] PHP   5. WP_CLI\Bootstrap\LaunchRunner->process($state = class WP_CLI\Bootstrap\BootstrapState { private $state = ['config' => [...], 'arguments' => [...], 'assoc_args' => [...], 'context_manager' => class WP_CLI\ContextManager { ... }] }) phar://C:/Users/Anita/AppData/Local/Programs/Local/resources/extraResources/bin/wp-cli/wp-cli.phar/vendor/wp-cli/wp-cli/php/bootstrap.php:84
[07-Apr-2026 09:25:06 UTC] PHP   6. WP_CLI\Runner->start() phar://C:/Users/Anita/AppData/Local/Programs/Local/resources/extraResources/bin/wp-cli/wp-cli.phar/vendor/wp-cli/wp-cli/php/WP_CLI/Bootstrap/LaunchRunner.php:28
[07-Apr-2026 09:25:06 UTC] PHP   7. WP_CLI\Runner->load_wordpress() phar://C:/Users/Anita/AppData/Local/Programs/Local/resources/extraResources/bin/wp-cli/wp-cli.phar/vendor/wp-cli/wp-cli/php/WP_CLI/Runner.php:1293
[07-Apr-2026 09:25:06 UTC] PHP   8. require() phar://C:/Users/Anita/AppData/Local/Programs/Local/resources/extraResources/bin/wp-cli/wp-cli.phar/vendor/wp-cli/wp-cli/php/WP_CLI/Runner.php:1374
[07-Apr-2026 09:25:06 UTC] PHP   9. require_wp_db() C:\Users\Anita\Local Sites\hotelcms\app\public\wp-settings.php:136
[07-Apr-2026 09:25:06 UTC] PHP  10. wpdb->__construct($dbuser = 'hotel_cms_8_user', $dbpassword = '[Sensitive Parameter]', $dbname = 'hotel_cms_8', $dbhost = '10.5.11.12:3306') C:\Users\Anita\Local Sites\hotelcms\app\public\wp-includes\load.php:724
[07-Apr-2026 09:25:06 UTC] PHP  11. wpdb->db_connect($allow_bail = *uninitialized*) C:\Users\Anita\Local Sites\hotelcms\app\public\wp-includes\class-wpdb.php:772
[07-Apr-2026 09:25:06 UTC] PHP  12. mysqli_real_connect($mysql = class mysqli { public $client_info = 'mysqlnd 8.2.30'; public $client_version = 80230; public $connect_errno = 2002; public $connect_error = 'A kapcsolódási kísérlet nem sikerült, mert a kapcsolódó partner nem válaszolt a megadott időn belül, vagy a létrehozott kapcsolatban hiba történt, mert a kapcsolódó partner nem volt képes válaszolni'; public $errno = 2002; public $error = 'A kapcsolódási kísérlet nem sikerült, mert a kapcsolódó partner nem válaszolt a megadott időn belül, vagy a létrehozott kapcsolatban hiba történt, mert a kapcsolódó partner nem volt képes válaszolni' }, $hostname = '10.5.11.12', $username = 'hotel_cms_8_user', $password = '[Sensitive Parameter]', $database = NULL, $port = 3306, $socket = NULL, $flags = 0) C:\Users\Anita\Local Sites\hotelcms\app\public\wp-includes\class-wpdb.php:1994
[07-Apr-2026 09:25:27 UTC] PHP Warning:  mysqli_real_connect(): (HY000/2002): A kapcsolódási kísérlet nem sikerült, mert a kapcsolódó partner nem válaszolt a megadott időn belül, vagy a létrehozott kapcsolatban hiba történt, mert a kapcsolódó partner nem volt képes válaszolni in C:\Users\Anita\Local Sites\hotelcms\app\public\wp-includes\class-wpdb.php on line 1994
[07-Apr-2026 09:25:27 UTC] PHP Stack trace:
[07-Apr-2026 09:25:27 UTC] PHP   1. {main}() C:\Users\Anita\AppData\Local\Programs\Local\resources\extraResources\bin\wp-cli\wp-cli.phar:0
[07-Apr-2026 09:25:27 UTC] PHP   2. include() C:\Users\Anita\AppData\Local\Programs\Local\resources\extraResources\bin\wp-cli\wp-cli.phar:4
[07-Apr-2026 09:25:27 UTC] PHP   3. include() phar://C:/Users/Anita/AppData/Local/Programs/Local/resources/extraResources/bin/wp-cli/wp-cli.phar/php/boot-phar.php:20
[07-Apr-2026 09:25:27 UTC] PHP   4. WP_CLI\bootstrap() phar://C:/Users/Anita/AppData/Local/Programs/Local/resources/extraResources/bin/wp-cli/wp-cli.phar/vendor/wp-cli/wp-cli/php/wp-cli.php:35
[07-Apr-2026 09:25:27 UTC] PHP   5. WP_CLI\Bootstrap\LaunchRunner->process($state = class WP_CLI\Bootstrap\BootstrapState { private $state = ['config' => [...], 'arguments' => [...], 'assoc_args' => [...], 'context_manager' => class WP_CLI\ContextManager { ... }] }) phar://C:/Users/Anita/AppData/Local/Programs/Local/resources/extraResources/bin/wp-cli/wp-cli.phar/vendor/wp-cli/wp-cli/php/bootstrap.php:84
[07-Apr-2026 09:25:27 UTC] PHP   6. WP_CLI\Runner->start() phar://C:/Users/Anita/AppData/Local/Programs/Local/resources/extraResources/bin/wp-cli/wp-cli.phar/vendor/wp-cli/wp-cli/php/WP_CLI/Bootstrap/LaunchRunner.php:28
[07-Apr-2026 09:25:27 UTC] PHP   7. WP_CLI\Runner->do_early_invoke($when = 'before_wp_load') phar://C:/Users/Anita/AppData/Local/Programs/Local/resources/extraResources/bin/wp-cli/wp-cli.phar/vendor/wp-cli/wp-cli/php/WP_CLI/Runner.php:1228
[07-Apr-2026 09:25:27 UTC] PHP   8. WP_CLI\Runner->run_command_and_exit($help_exit_warning = *uninitialized*) phar://C:/Users/Anita/AppData/Local/Programs/Local/resources/extraResources/bin/wp-cli/wp-cli.phar/vendor/wp-cli/wp-cli/php/WP_CLI/Runner.php:136
[07-Apr-2026 09:25:27 UTC] PHP   9. WP_CLI\Runner->run_command($args = [0 => 'eval', 1 => 'var_dump(function_exists(\'xdebug_info\'));'], $assoc_args = [], $options = *uninitialized*) phar://C:/Users/Anita/AppData/Local/Programs/Local/resources/extraResources/bin/wp-cli/wp-cli.phar/vendor/wp-cli/wp-cli/php/WP_CLI/Runner.php:493
[07-Apr-2026 09:25:27 UTC] PHP  10. WP_CLI\Dispatcher\Subcommand->invoke($args = [0 => 'var_dump(function_exists(\'xdebug_info\'));'], $assoc_args = [], $extra_args = []) phar://C:/Users/Anita/AppData/Local/Programs/Local/resources/extraResources/bin/wp-cli/wp-cli.phar/vendor/wp-cli/wp-cli/php/WP_CLI/Runner.php:470
[07-Apr-2026 09:25:27 UTC] PHP  11. call_user_func:{phar://C:/Users/Anita/AppData/Local/Programs/Local/resources/extraResources/bin/wp-cli/wp-cli.phar/vendor/wp-cli/wp-cli/php/WP_CLI/Dispatcher/Subcommand.php:497}($callback = class Closure { public $static = ['callable' => [...]]; public $parameter = ['$args' => '<required>', '$assoc_args' => '<required>'] }, ...$args = variadic([])) phar://C:/Users/Anita/AppData/Local/Programs/Local/resources/extraResources/bin/wp-cli/wp-cli.phar/vendor/wp-cli/wp-cli/php/WP_CLI/Dispatcher/Subcommand.php:497
[07-Apr-2026 09:25:27 UTC] PHP  12. WP_CLI\Dispatcher\CommandFactory::WP_CLI\Dispatcher\{closure:phar://C:/Users/Anita/AppData/Local/Programs/Local/resources/extraResources/bin/wp-cli/wp-cli.phar/vendor/wp-cli/wp-cli/php/WP_CLI/Dispatcher/CommandFactory.php:97-104}($args = [0 => 'var_dump(function_exists(\'xdebug_info\'));'], $assoc_args = []) phar://C:/Users/Anita/AppData/Local/Programs/Local/resources/extraResources/bin/wp-cli/wp-cli.phar/vendor/wp-cli/wp-cli/php/WP_CLI/Dispatcher/Subcommand.php:497
[07-Apr-2026 09:25:27 UTC] PHP  13. call_user_func:{phar://C:/Users/Anita/AppData/Local/Programs/Local/resources/extraResources/bin/wp-cli/wp-cli.phar/vendor/wp-cli/wp-cli/php/WP_CLI/Dispatcher/CommandFactory.php:100}($callback = [0 => class Eval_Command {  }, 1 => '__invoke'], ...$args = variadic([])) phar://C:/Users/Anita/AppData/Local/Programs/Local/resources/extraResources/bin/wp-cli/wp-cli.phar/vendor/wp-cli/wp-cli/php/WP_CLI/Dispatcher/CommandFactory.php:100
[07-Apr-2026 09:25:27 UTC] PHP  14. Eval_Command->__invoke($args = [0 => 'var_dump(function_exists(\'xdebug_info\'));'], $assoc_args = []) phar://C:/Users/Anita/AppData/Local/Programs/Local/resources/extraResources/bin/wp-cli/wp-cli.phar/vendor/wp-cli/wp-cli/php/WP_CLI/Dispatcher/CommandFactory.php:100
[07-Apr-2026 09:25:27 UTC] PHP  15. WP_CLI\Runner->load_wordpress() phar://C:/Users/Anita/AppData/Local/Programs/Local/resources/extraResources/bin/wp-cli/wp-cli.phar/vendor/wp-cli/eval-command/src/Eval_Command.php:36
[07-Apr-2026 09:25:27 UTC] PHP  16. require() phar://C:/Users/Anita/AppData/Local/Programs/Local/resources/extraResources/bin/wp-cli/wp-cli.phar/vendor/wp-cli/wp-cli/php/WP_CLI/Runner.php:1374
[07-Apr-2026 09:25:27 UTC] PHP  17. require_wp_db() C:\Users\Anita\Local Sites\hotelcms\app\public\wp-settings.php:136
[07-Apr-2026 09:25:27 UTC] PHP  18. wpdb->__construct($dbuser = 'hotel_cms_8_user', $dbpassword = '[Sensitive Parameter]', $dbname = 'hotel_cms_8', $dbhost = '10.5.11.12:3306') C:\Users\Anita\Local Sites\hotelcms\app\public\wp-includes\load.php:724
[07-Apr-2026 09:25:27 UTC] PHP  19. wpdb->db_connect($allow_bail = *uninitialized*) C:\Users\Anita\Local Sites\hotelcms\app\public\wp-includes\class-wpdb.php:772
[07-Apr-2026 09:25:27 UTC] PHP  20. mysqli_real_connect($mysql = class mysqli { public $client_info = 'mysqlnd 8.2.30'; public $client_version = 80230; public $connect_errno = 2002; public $connect_error = 'A kapcsolódási kísérlet nem sikerült, mert a kapcsolódó partner nem válaszolt a megadott időn belül, vagy a létrehozott kapcsolatban hiba történt, mert a kapcsolódó partner nem volt képes válaszolni'; public $errno = 2002; public $error = 'A kapcsolódási kísérlet nem sikerült, mert a kapcsolódó partner nem válaszolt a megadott időn belül, vagy a létrehozott kapcsolatban hiba történt, mert a kapcsolódó partner nem volt képes válaszolni' }, $hostname = '10.5.11.12', $username = 'hotel_cms_8_user', $password = '[Sensitive Parameter]', $database = NULL, $port = 3306, $socket = NULL, $flags = 0) C:\Users\Anita\Local Sites\hotelcms\app\public\wp-includes\class-wpdb.php:1994
[07-Apr-2026 09:25:30 UTC] PHP Warning:  mysqli_real_connect(): (HY000/2002): A kapcsolódási kísérlet nem sikerült, mert a kapcsolódó partner nem válaszolt a megadott időn belül, vagy a létrehozott kapcsolatban hiba történt, mert a kapcsolódó partner nem volt képes válaszolni in C:\Users\Anita\Local Sites\hotelcms\app\public\wp-includes\class-wpdb.php on line 1994
[07-Apr-2026 09:25:30 UTC] PHP Stack trace:
[07-Apr-2026 09:25:30 UTC] PHP   1. {main}() C:\Users\Anita\AppData\Local\Programs\Local\resources\extraResources\bin\wp-cli\wp-cli.phar:0
[07-Apr-2026 09:25:30 UTC] PHP   2. include() C:\Users\Anita\AppData\Local\Programs\Local\resources\extraResources\bin\wp-cli\wp-cli.phar:4
[07-Apr-2026 09:25:30 UTC] PHP   3. include() phar://C:/Users/Anita/AppData/Local/Programs/Local/resources/extraResources/bin/wp-cli/wp-cli.phar/php/boot-phar.php:20
[07-Apr-2026 09:25:30 UTC] PHP   4. WP_CLI\bootstrap() phar://C:/Users/Anita/AppData/Local/Programs/Local/resources/extraResources/bin/wp-cli/wp-cli.phar/vendor/wp-cli/wp-cli/php/wp-cli.php:35
[07-Apr-2026 09:25:30 UTC] PHP   5. WP_CLI\Bootstrap\LaunchRunner->process($state = class WP_CLI\Bootstrap\BootstrapState { private $state = ['config' => [...], 'arguments' => [...], 'assoc_args' => [...], 'context_manager' => class WP_CLI\ContextManager { ... }] }) phar://C:/Users/Anita/AppData/Local/Programs/Local/resources/extraResources/bin/wp-cli/wp-cli.phar/vendor/wp-cli/wp-cli/php/bootstrap.php:84
[07-Apr-2026 09:25:30 UTC] PHP   6. WP_CLI\Runner->start() phar://C:/Users/Anita/AppData/Local/Programs/Local/resources/extraResources/bin/wp-cli/wp-cli.phar/vendor/wp-cli/wp-cli/php/WP_CLI/Bootstrap/LaunchRunner.php:28
[07-Apr-2026 09:25:30 UTC] PHP   7. WP_CLI\Runner->load_wordpress() phar://C:/Users/Anita/AppData/Local/Programs/Local/resources/extraResources/bin/wp-cli/wp-cli.phar/vendor/wp-cli/wp-cli/php/WP_CLI/Runner.php:1293
[07-Apr-2026 09:25:30 UTC] PHP   8. require() phar://C:/Users/Anita/AppData/Local/Programs/Local/resources/extraResources/bin/wp-cli/wp-cli.phar/vendor/wp-cli/wp-cli/php/WP_CLI/Runner.php:1374
[07-Apr-2026 09:25:30 UTC] PHP   9. require_wp_db() C:\Users\Anita\Local Sites\hotelcms\app\public\wp-settings.php:136
[07-Apr-2026 09:25:30 UTC] PHP  10. wpdb->__construct($dbuser = 'hotel_cms_8_user', $dbpassword = '[Sensitive Parameter]', $dbname = 'hotel_cms_8', $dbhost = '10.5.11.12:3306') C:\Users\Anita\Local Sites\hotelcms\app\public\wp-includes\load.php:724
[07-Apr-2026 09:25:30 UTC] PHP  11. wpdb->db_connect($allow_bail = *uninitialized*) C:\Users\Anita\Local Sites\hotelcms\app\public\wp-includes\class-wpdb.php:772
[07-Apr-2026 09:25:30 UTC] PHP  12. mysqli_real_connect($mysql = class mysqli { public $client_info = 'mysqlnd 8.2.30'; public $client_version = 80230; public $connect_errno = 2002; public $connect_error = 'A kapcsolódási kísérlet nem sikerült, mert a kapcsolódó partner nem válaszolt a megadott időn belül, vagy a létrehozott kapcsolatban hiba történt, mert a kapcsolódó partner nem volt képes válaszolni'; public $errno = 2002; public $error = 'A kapcsolódási kísérlet nem sikerült, mert a kapcsolódó partner nem válaszolt a megadott időn belül, vagy a létrehozott kapcsolatban hiba történt, mert a kapcsolódó partner nem volt képes válaszolni' }, $hostname = '10.5.11.12', $username = 'hotel_cms_8_user', $password = '[Sensitive Parameter]', $database = NULL, $port = 3306, $socket = NULL, $flags = 0) C:\Users\Anita\Local Sites\hotelcms\app\public\wp-includes\class-wpdb.php:1994
[07-Apr-2026 09:30:23 UTC] PHP Warning:  mysqli_real_connect(): (HY000/2002): A kapcsolódási kísérlet nem sikerült, mert a kapcsolódó partner nem válaszolt a megadott időn belül, vagy a létrehozott kapcsolatban hiba történt, mert a kapcsolódó partner nem volt képes válaszolni in C:\Users\Anita\Local Sites\hotelcms\app\public\wp-includes\class-wpdb.php on line 1994
[07-Apr-2026 09:30:23 UTC] PHP Stack trace:
[07-Apr-2026 09:30:23 UTC] PHP   1. {main}() C:\Users\Anita\Local Sites\hotelcms\app\public\wp-admin\index.php:0
[07-Apr-2026 09:30:23 UTC] PHP   2. require_once() C:\Users\Anita\Local Sites\hotelcms\app\public\wp-admin\index.php:10
[07-Apr-2026 09:30:23 UTC] PHP   3. require_once() C:\Users\Anita\Local Sites\hotelcms\app\public\wp-admin\admin.php:35
[07-Apr-2026 09:30:23 UTC] PHP   4. require_once() C:\Users\Anita\Local Sites\hotelcms\app\public\wp-load.php:50
[07-Apr-2026 09:30:23 UTC] PHP   5. require_once() C:\Users\Anita\Local Sites\hotelcms\app\public\wp-config.php:109
[07-Apr-2026 09:30:23 UTC] PHP   6. require_wp_db() C:\Users\Anita\Local Sites\hotelcms\app\public\wp-settings.php:136
[07-Apr-2026 09:30:23 UTC] PHP   7. wpdb->__construct($dbuser = 'hotel_cms_8_user', $dbpassword = '[Sensitive Parameter]', $dbname = 'hotel_cms_8', $dbhost = '10.5.11.12:3306') C:\Users\Anita\Local Sites\hotelcms\app\public\wp-includes\load.php:724
[07-Apr-2026 09:30:23 UTC] PHP   8. wpdb->db_connect($allow_bail = *uninitialized*) C:\Users\Anita\Local Sites\hotelcms\app\public\wp-includes\class-wpdb.php:772
[07-Apr-2026 09:30:23 UTC] PHP   9. mysqli_real_connect($mysql = class mysqli { public $client_info = 'mysqlnd 8.2.30'; public $client_version = 80230; public $connect_errno = 2002; public $connect_error = 'A kapcsolódási kísérlet nem sikerült, mert a kapcsolódó partner nem válaszolt a megadott időn belül, vagy a létrehozott kapcsolatban hiba történt, mert a kapcsolódó partner nem volt képes válaszolni'; public $errno = 2002; public $error = 'A kapcsolódási kísérlet nem sikerült, mert a kapcsolódó partner nem válaszolt a megadott időn belül, vagy a létrehozott kapcsolatban hiba történt, mert a kapcsolódó partner nem volt képes válaszolni' }, $hostname = '10.5.11.12', $username = 'hotel_cms_8_user', $password = '[Sensitive Parameter]', $database = NULL, $port = 3306, $socket = NULL, $flags = 0) C:\Users\Anita\Local Sites\hotelcms\app\public\wp-includes\class-wpdb.php:1994
[07-Apr-2026 09:30:46 UTC] PHP Warning:  mysqli_real_connect(): (HY000/2002): A kapcsolódási kísérlet nem sikerült, mert a kapcsolódó partner nem válaszolt a megadott időn belül, vagy a létrehozott kapcsolatban hiba történt, mert a kapcsolódó partner nem volt képes válaszolni in C:\Users\Anita\Local Sites\hotelcms\app\public\wp-includes\class-wpdb.php on line 1994
[07-Apr-2026 09:30:46 UTC] PHP Stack trace:
[07-Apr-2026 09:30:46 UTC] PHP   1. {main}() C:\Users\Anita\Local Sites\hotelcms\app\public\index.php:0
[07-Apr-2026 09:30:46 UTC] PHP   2. require() C:\Users\Anita\Local Sites\hotelcms\app\public\index.php:17
[07-Apr-2026 09:30:46 UTC] PHP   3. require_once() C:\Users\Anita\Local Sites\hotelcms\app\public\wp-blog-header.php:13
[07-Apr-2026 09:30:46 UTC] PHP   4. require_once() C:\Users\Anita\Local Sites\hotelcms\app\public\wp-load.php:50
[07-Apr-2026 09:30:46 UTC] PHP   5. require_once() C:\Users\Anita\Local Sites\hotelcms\app\public\wp-config.php:109
[07-Apr-2026 09:30:46 UTC] PHP   6. require_wp_db() C:\Users\Anita\Local Sites\hotelcms\app\public\wp-settings.php:136
[07-Apr-2026 09:30:46 UTC] PHP   7. wpdb->__construct($dbuser = 'hotel_cms_8_user', $dbpassword = '[Sensitive Parameter]', $dbname = 'hotel_cms_8', $dbhost = '10.5.11.12:3306') C:\Users\Anita\Local Sites\hotelcms\app\public\wp-includes\load.php:724
[07-Apr-2026 09:30:46 UTC] PHP   8. wpdb->db_connect($allow_bail = *uninitialized*) C:\Users\Anita\Local Sites\hotelcms\app\public\wp-includes\class-wpdb.php:772
[07-Apr-2026 09:30:46 UTC] PHP   9. mysqli_real_connect($mysql = class mysqli { public $client_info = 'mysqlnd 8.2.30'; public $client_version = 80230; public $connect_errno = 2002; public $connect_error = 'A kapcsolódási kísérlet nem sikerült, mert a kapcsolódó partner nem válaszolt a megadott időn belül, vagy a létrehozott kapcsolatban hiba történt, mert a kapcsolódó partner nem volt képes válaszolni'; public $errno = 2002; public $error = 'A kapcsolódási kísérlet nem sikerült, mert a kapcsolódó partner nem válaszolt a megadott időn belül, vagy a létrehozott kapcsolatban hiba történt, mert a kapcsolódó partner nem volt képes válaszolni' }, $hostname = '10.5.11.12', $username = 'hotel_cms_8_user', $password = '[Sensitive Parameter]', $database = NULL, $port = 3306, $socket = NULL, $flags = 0) C:\Users\Anita\Local Sites\hotelcms\app\public\wp-includes\class-wpdb.php:1994
[08-Apr-2026 08:07:07 UTC] PHP Warning:  wp_version_check(): An unexpected error occurred. Something may be wrong with WordPress.org or this server&#8217;s configuration. If you continue to have problems, please try the <a href="https://wordpress.org/support/forums/">support forums</a>. (WordPress could not establish a secure connection to WordPress.org. Please contact your server administrator.) in C:\Users\Anita\Local Sites\hotelcms\app\public\wp-includes\functions.php on line 6131
[08-Apr-2026 08:07:07 UTC] PHP Warning:  wp_version_check(): An unexpected error occurred. Something may be wrong with WordPress.org or this server&#8217;s configuration. If you continue to have problems, please try the <a href="https://wordpress.org/support/forums/">support forums</a>. (WordPress could not establish a secure connection to WordPress.org. Please contact your server administrator.) in C:\Users\Anita\Local Sites\hotelcms\app\public\wp-includes\functions.php on line 6131
[08-Apr-2026 08:07:07 UTC] PHP Warning:  wp_version_check(): An unexpected error occurred. Something may be wrong with WordPress.org or this server&#8217;s configuration. If you continue to have problems, please try the <a href="https://wordpress.org/support/forums/">support forums</a>. (WordPress could not establish a secure connection to WordPress.org. Please contact your server administrator.) in C:\Users\Anita\Local Sites\hotelcms\app\public\wp-includes\functions.php on line 6131
[08-Apr-2026 08:07:07 UTC] PHP Stack trace:
[08-Apr-2026 08:07:07 UTC] PHP Stack trace:
[08-Apr-2026 08:07:07 UTC] PHP Stack trace:
[08-Apr-2026 08:07:07 UTC] PHP   1. {main}() C:\Users\Anita\AppData\Local\Programs\Local\resources\extraResources\bin\wp-cli\wp-cli.phar:0
[08-Apr-2026 08:07:07 UTC] PHP   1. {main}() C:\Users\Anita\AppData\Local\Programs\Local\resources\extraResources\bin\wp-cli\wp-cli.phar:0
[08-Apr-2026 08:07:07 UTC] PHP   1. {main}() C:\Users\Anita\AppData\Local\Programs\Local\resources\extraResources\bin\wp-cli\wp-cli.phar:0
[08-Apr-2026 08:07:07 UTC] PHP   2. include() C:\Users\Anita\AppData\Local\Programs\Local\resources\extraResources\bin\wp-cli\wp-cli.phar:4
[08-Apr-2026 08:07:07 UTC] PHP   2. include() C:\Users\Anita\AppData\Local\Programs\Local\resources\extraResources\bin\wp-cli\wp-cli.phar:4
[08-Apr-2026 08:07:07 UTC] PHP   2. include() C:\Users\Anita\AppData\Local\Programs\Local\resources\extraResources\bin\wp-cli\wp-cli.phar:4
[08-Apr-2026 08:07:07 UTC] PHP   3. include() phar://C:/Users/Anita/AppData/Local/Programs/Local/resources/extraResources/bin/wp-cli/wp-cli.phar/php/boot-phar.php:20
[08-Apr-2026 08:07:07 UTC] PHP   3. include() phar://C:/Users/Anita/AppData/Local/Programs/Local/resources/extraResources/bin/wp-cli/wp-cli.phar/php/boot-phar.php:20
[08-Apr-2026 08:07:07 UTC] PHP   3. include() phar://C:/Users/Anita/AppData/Local/Programs/Local/resources/extraResources/bin/wp-cli/wp-cli.phar/php/boot-phar.php:20
[08-Apr-2026 08:07:07 UTC] PHP   4. WP_CLI\bootstrap() phar://C:/Users/Anita/AppData/Local/Programs/Local/resources/extraResources/bin/wp-cli/wp-cli.phar/vendor/wp-cli/wp-cli/php/wp-cli.php:35
[08-Apr-2026 08:07:07 UTC] PHP   4. WP_CLI\bootstrap() phar://C:/Users/Anita/AppData/Local/Programs/Local/resources/extraResources/bin/wp-cli/wp-cli.phar/vendor/wp-cli/wp-cli/php/wp-cli.php:35
[08-Apr-2026 08:07:07 UTC] PHP   4. WP_CLI\bootstrap() phar://C:/Users/Anita/AppData/Local/Programs/Local/resources/extraResources/bin/wp-cli/wp-cli.phar/vendor/wp-cli/wp-cli/php/wp-cli.php:35
[08-Apr-2026 08:07:07 UTC] PHP   5. WP_CLI\Bootstrap\LaunchRunner->process($state = class WP_CLI\Bootstrap\BootstrapState { private $state = ['config' => [...], 'arguments' => [...], 'assoc_args' => [...], 'context_manager' => class WP_CLI\ContextManager { ... }] }) phar://C:/Users/Anita/AppData/Local/Programs/Local/resources/extraResources/bin/wp-cli/wp-cli.phar/vendor/wp-cli/wp-cli/php/bootstrap.php:84
[08-Apr-2026 08:07:07 UTC] PHP   5. WP_CLI\Bootstrap\LaunchRunner->process($state = class WP_CLI\Bootstrap\BootstrapState { private $state = ['config' => [...], 'arguments' => [...], 'assoc_args' => [...], 'context_manager' => class WP_CLI\ContextManager { ... }] }) phar://C:/Users/Anita/AppData/Local/Programs/Local/resources/extraResources/bin/wp-cli/wp-cli.phar/vendor/wp-cli/wp-cli/php/bootstrap.php:84
[08-Apr-2026 08:07:07 UTC] PHP   5. WP_CLI\Bootstrap\LaunchRunner->process($state = class WP_CLI\Bootstrap\BootstrapState { private $state = ['config' => [...], 'arguments' => [...], 'assoc_args' => [...], 'context_manager' => class WP_CLI\ContextManager { ... }] }) phar://C:/Users/Anita/AppData/Local/Programs/Local/resources/extraResources/bin/wp-cli/wp-cli.phar/vendor/wp-cli/wp-cli/php/bootstrap.php:84
[08-Apr-2026 08:07:07 UTC] PHP   6. WP_CLI\Runner->start() phar://C:/Users/Anita/AppData/Local/Programs/Local/resources/extraResources/bin/wp-cli/wp-cli.phar/vendor/wp-cli/wp-cli/php/WP_CLI/Bootstrap/LaunchRunner.php:28
[08-Apr-2026 08:07:07 UTC] PHP   6. WP_CLI\Runner->start() phar://C:/Users/Anita/AppData/Local/Programs/Local/resources/extraResources/bin/wp-cli/wp-cli.phar/vendor/wp-cli/wp-cli/php/WP_CLI/Bootstrap/LaunchRunner.php:28
[08-Apr-2026 08:07:07 UTC] PHP   6. WP_CLI\Runner->start() phar://C:/Users/Anita/AppData/Local/Programs/Local/resources/extraResources/bin/wp-cli/wp-cli.phar/vendor/wp-cli/wp-cli/php/WP_CLI/Bootstrap/LaunchRunner.php:28
[08-Apr-2026 08:07:07 UTC] PHP   7. WP_CLI\Runner->run_command_and_exit($help_exit_warning = *uninitialized*) phar://C:/Users/Anita/AppData/Local/Programs/Local/resources/extraResources/bin/wp-cli/wp-cli.phar/vendor/wp-cli/wp-cli/php/WP_CLI/Runner.php:1295
[08-Apr-2026 08:07:07 UTC] PHP   7. WP_CLI\Runner->run_command_and_exit($help_exit_warning = *uninitialized*) phar://C:/Users/Anita/AppData/Local/Programs/Local/resources/extraResources/bin/wp-cli/wp-cli.phar/vendor/wp-cli/wp-cli/php/WP_CLI/Runner.php:1295
[08-Apr-2026 08:07:07 UTC] PHP   7. WP_CLI\Runner->run_command_and_exit($help_exit_warning = *uninitialized*) phar://C:/Users/Anita/AppData/Local/Programs/Local/resources/extraResources/bin/wp-cli/wp-cli.phar/vendor/wp-cli/wp-cli/php/WP_CLI/Runner.php:1295
[08-Apr-2026 08:07:07 UTC] PHP   8. WP_CLI\Runner->run_command($args = [0 => 'core', 1 => 'check-update'], $assoc_args = ['field' => 'version'], $options = *uninitialized*) phar://C:/Users/Anita/AppData/Local/Programs/Local/resources/extraResources/bin/wp-cli/wp-cli.phar/vendor/wp-cli/wp-cli/php/WP_CLI/Runner.php:493
[08-Apr-2026 08:07:07 UTC] PHP   8. WP_CLI\Runner->run_command($args = [0 => 'core', 1 => 'check-update'], $assoc_args = ['field' => 'version'], $options = *uninitialized*) phar://C:/Users/Anita/AppData/Local/Programs/Local/resources/extraResources/bin/wp-cli/wp-cli.phar/vendor/wp-cli/wp-cli/php/WP_CLI/Runner.php:493
[08-Apr-2026 08:07:07 UTC] PHP   8. WP_CLI\Runner->run_command($args = [0 => 'core', 1 => 'check-update'], $assoc_args = ['field' => 'version'], $options = *uninitialized*) phar://C:/Users/Anita/AppData/Local/Programs/Local/resources/extraResources/bin/wp-cli/wp-cli.phar/vendor/wp-cli/wp-cli/php/WP_CLI/Runner.php:493
[08-Apr-2026 08:07:07 UTC] PHP   9. WP_CLI\Dispatcher\Subcommand->invoke($args = [], $assoc_args = ['field' => 'version'], $extra_args = []) phar://C:/Users/Anita/AppData/Local/Programs/Local/resources/extraResources/bin/wp-cli/wp-cli.phar/vendor/wp-cli/wp-cli/php/WP_CLI/Runner.php:470
[08-Apr-2026 08:07:07 UTC] PHP   9. WP_CLI\Dispatcher\Subcommand->invoke($args = [], $assoc_args = ['field' => 'version'], $extra_args = []) phar://C:/Users/Anita/AppData/Local/Programs/Local/resources/extraResources/bin/wp-cli/wp-cli.phar/vendor/wp-cli/wp-cli/php/WP_CLI/Runner.php:470
[08-Apr-2026 08:07:07 UTC] PHP   9. WP_CLI\Dispatcher\Subcommand->invoke($args = [], $assoc_args = ['field' => 'version'], $extra_args = []) phar://C:/Users/Anita/AppData/Local/Programs/Local/resources/extraResources/bin/wp-cli/wp-cli.phar/vendor/wp-cli/wp-cli/php/WP_CLI/Runner.php:470
[08-Apr-2026 08:07:07 UTC] PHP  10. call_user_func:{phar://C:/Users/Anita/AppData/Local/Programs/Local/resources/extraResources/bin/wp-cli/wp-cli.phar/vendor/wp-cli/wp-cli/php/WP_CLI/Dispatcher/Subcommand.php:497}($callback = class Closure { public $static = ['callable' => [...]]; public $parameter = ['$args' => '<required>', '$assoc_args' => '<required>'] }, ...$args = variadic(['field' => 'version', 'format' => 'table'])) phar://C:/Users/Anita/AppData/Local/Programs/Local/resources/extraResources/bin/wp-cli/wp-cli.phar/vendor/wp-cli/wp-cli/php/WP_CLI/Dispatcher/Subcommand.php:497
[08-Apr-2026 08:07:07 UTC] PHP  10. call_user_func:{phar://C:/Users/Anita/AppData/Local/Programs/Local/resources/extraResources/bin/wp-cli/wp-cli.phar/vendor/wp-cli/wp-cli/php/WP_CLI/Dispatcher/Subcommand.php:497}($callback = class Closure { public $static = ['callable' => [...]]; public $parameter = ['$args' => '<required>', '$assoc_args' => '<required>'] }, ...$args = variadic(['field' => 'version', 'format' => 'table'])) phar://C:/Users/Anita/AppData/Local/Programs/Local/resources/extraResources/bin/wp-cli/wp-cli.phar/vendor/wp-cli/wp-cli/php/WP_CLI/Dispatcher/Subcommand.php:497
[08-Apr-2026 08:07:07 UTC] PHP  11. WP_CLI\Dispatcher\CommandFactory::WP_CLI\Dispatcher\{closure:phar://C:/Users/Anita/AppData/Local/Programs/Local/resources/extraResources/bin/wp-cli/wp-cli.phar/vendor/wp-cli/wp-cli/php/WP_CLI/Dispatcher/CommandFactory.php:97-104}($args = [], $assoc_args = ['field' => 'version', 'format' => 'table']) phar://C:/Users/Anita/AppData/Local/Programs/Local/resources/extraResources/bin/wp-cli/wp-cli.phar/vendor/wp-cli/wp-cli/php/WP_CLI/Dispatcher/Subcommand.php:497
[08-Apr-2026 08:07:07 UTC] PHP  10. call_user_func:{phar://C:/Users/Anita/AppData/Local/Programs/Local/resources/extraResources/bin/wp-cli/wp-cli.phar/vendor/wp-cli/wp-cli/php/WP_CLI/Dispatcher/Subcommand.php:497}($callback = class Closure { public $static = ['callable' => [...]]; public $parameter = ['$args' => '<required>', '$assoc_args' => '<required>'] }, ...$args = variadic(['field' => 'version', 'format' => 'table'])) phar://C:/Users/Anita/AppData/Local/Programs/Local/resources/extraResources/bin/wp-cli/wp-cli.phar/vendor/wp-cli/wp-cli/php/WP_CLI/Dispatcher/Subcommand.php:497
[08-Apr-2026 08:07:07 UTC] PHP  11. WP_CLI\Dispatcher\CommandFactory::WP_CLI\Dispatcher\{closure:phar://C:/Users/Anita/AppData/Local/Programs/Local/resources/extraResources/bin/wp-cli/wp-cli.phar/vendor/wp-cli/wp-cli/php/WP_CLI/Dispatcher/CommandFactory.php:97-104}($args = [], $assoc_args = ['field' => 'version', 'format' => 'table']) phar://C:/Users/Anita/AppData/Local/Programs/Local/resources/extraResources/bin/wp-cli/wp-cli.phar/vendor/wp-cli/wp-cli/php/WP_CLI/Dispatcher/Subcommand.php:497
[08-Apr-2026 08:07:07 UTC] PHP  11. WP_CLI\Dispatcher\CommandFactory::WP_CLI\Dispatcher\{closure:phar://C:/Users/Anita/AppData/Local/Programs/Local/resources/extraResources/bin/wp-cli/wp-cli.phar/vendor/wp-cli/wp-cli/php/WP_CLI/Dispatcher/CommandFactory.php:97-104}($args = [], $assoc_args = ['field' => 'version', 'format' => 'table']) phar://C:/Users/Anita/AppData/Local/Programs/Local/resources/extraResources/bin/wp-cli/wp-cli.phar/vendor/wp-cli/wp-cli/php/WP_CLI/Dispatcher/Subcommand.php:497
[08-Apr-2026 08:07:07 UTC] PHP  12. call_user_func:{phar://C:/Users/Anita/AppData/Local/Programs/Local/resources/extraResources/bin/wp-cli/wp-cli.phar/vendor/wp-cli/wp-cli/php/WP_CLI/Dispatcher/CommandFactory.php:100}($callback = [0 => class Core_Command {  }, 1 => 'check_update'], ...$args = variadic(['field' => 'version', 'format' => 'table'])) phar://C:/Users/Anita/AppData/Local/Programs/Local/resources/extraResources/bin/wp-cli/wp-cli.phar/vendor/wp-cli/wp-cli/php/WP_CLI/Dispatcher/CommandFactory.php:100
[08-Apr-2026 08:07:07 UTC] PHP  12. call_user_func:{phar://C:/Users/Anita/AppData/Local/Programs/Local/resources/extraResources/bin/wp-cli/wp-cli.phar/vendor/wp-cli/wp-cli/php/WP_CLI/Dispatcher/CommandFactory.php:100}($callback = [0 => class Core_Command {  }, 1 => 'check_update'], ...$args = variadic(['field' => 'version', 'format' => 'table'])) phar://C:/Users/Anita/AppData/Local/Programs/Local/resources/extraResources/bin/wp-cli/wp-cli.phar/vendor/wp-cli/wp-cli/php/WP_CLI/Dispatcher/CommandFactory.php:100
[08-Apr-2026 08:07:07 UTC] PHP  13. Core_Command->check_update($_ = [], $assoc_args = ['field' => 'version', 'format' => 'table']) phar://C:/Users/Anita/AppData/Local/Programs/Local/resources/extraResources/bin/wp-cli/wp-cli.phar/vendor/wp-cli/wp-cli/php/WP_CLI/Dispatcher/CommandFactory.php:100
[08-Apr-2026 08:07:07 UTC] PHP  12. call_user_func:{phar://C:/Users/Anita/AppData/Local/Programs/Local/resources/extraResources/bin/wp-cli/wp-cli.phar/vendor/wp-cli/wp-cli/php/WP_CLI/Dispatcher/CommandFactory.php:100}($callback = [0 => class Core_Command {  }, 1 => 'check_update'], ...$args = variadic(['field' => 'version', 'format' => 'table'])) phar://C:/Users/Anita/AppData/Local/Programs/Local/resources/extraResources/bin/wp-cli/wp-cli.phar/vendor/wp-cli/wp-cli/php/WP_CLI/Dispatcher/CommandFactory.php:100
[08-Apr-2026 08:07:07 UTC] PHP  13. Core_Command->check_update($_ = [], $assoc_args = ['field' => 'version', 'format' => 'table']) phar://C:/Users/Anita/AppData/Local/Programs/Local/resources/extraResources/bin/wp-cli/wp-cli.phar/vendor/wp-cli/wp-cli/php/WP_CLI/Dispatcher/CommandFactory.php:100
[08-Apr-2026 08:07:07 UTC] PHP  14. Core_Command->get_updates($assoc_args = ['field' => 'version', 'format' => 'table']) phar://C:/Users/Anita/AppData/Local/Programs/Local/resources/extraResources/bin/wp-cli/wp-cli.phar/vendor/wp-cli/core-command/src/Core_Command.php:82
[08-Apr-2026 08:07:07 UTC] PHP  13. Core_Command->check_update($_ = [], $assoc_args = ['field' => 'version', 'format' => 'table']) phar://C:/Users/Anita/AppData/Local/Programs/Local/resources/extraResources/bin/wp-cli/wp-cli.phar/vendor/wp-cli/wp-cli/php/WP_CLI/Dispatcher/CommandFactory.php:100
[08-Apr-2026 08:07:07 UTC] PHP  15. wp_version_check($extra_stats = [], $force_check = NULL) phar://C:/Users/Anita/AppData/Local/Programs/Local/resources/extraResources/bin/wp-cli/wp-cli.phar/vendor/wp-cli/core-command/src/Core_Command.php:1356
[08-Apr-2026 08:07:07 UTC] PHP  14. Core_Command->get_updates($assoc_args = ['field' => 'version', 'format' => 'table']) phar://C:/Users/Anita/AppData/Local/Programs/Local/resources/extraResources/bin/wp-cli/wp-cli.phar/vendor/wp-cli/core-command/src/Core_Command.php:82
[08-Apr-2026 08:07:07 UTC] PHP  14. Core_Command->get_updates($assoc_args = ['field' => 'version', 'format' => 'table']) phar://C:/Users/Anita/AppData/Local/Programs/Local/resources/extraResources/bin/wp-cli/wp-cli.phar/vendor/wp-cli/core-command/src/Core_Command.php:82
[08-Apr-2026 08:07:07 UTC] PHP  16. wp_trigger_error($function_name = 'wp_version_check', $message = 'An unexpected error occurred. Something may be wrong with WordPress.org or this server&#8217;s configuration. If you continue to have problems, please try the <a href="https://wordpress.org/support/forums/">support forums</a>. (WordPress could not establish a secure connection to WordPress.org. Please contact your server administrator.)', $error_level = 512) C:\Users\Anita\Local Sites\hotelcms\app\public\wp-includes\update.php:249
[08-Apr-2026 08:07:07 UTC] PHP  15. wp_version_check($extra_stats = [], $force_check = NULL) phar://C:/Users/Anita/AppData/Local/Programs/Local/resources/extraResources/bin/wp-cli/wp-cli.phar/vendor/wp-cli/core-command/src/Core_Command.php:1356
[08-Apr-2026 08:07:07 UTC] PHP  15. wp_version_check($extra_stats = [], $force_check = NULL) phar://C:/Users/Anita/AppData/Local/Programs/Local/resources/extraResources/bin/wp-cli/wp-cli.phar/vendor/wp-cli/core-command/src/Core_Command.php:1356
[08-Apr-2026 08:07:07 UTC] PHP  17. trigger_error($message = 'wp_version_check(): An unexpected error occurred. Something may be wrong with WordPress.org or this server&#8217;s configuration. If you continue to have problems, please try the <a href="https://wordpress.org/support/forums/">support forums</a>. (WordPress could not establish a secure connection to WordPress.org. Please contact your server administrator.)', $error_level = 512) C:\Users\Anita\Local Sites\hotelcms\app\public\wp-includes\functions.php:6131
[08-Apr-2026 08:07:07 UTC] PHP  16. wp_trigger_error($function_name = 'wp_version_check', $message = 'An unexpected error occurred. Something may be wrong with WordPress.org or this server&#8217;s configuration. If you continue to have problems, please try the <a href="https://wordpress.org/support/forums/">support forums</a>. (WordPress could not establish a secure connection to WordPress.org. Please contact your server administrator.)', $error_level = 512) C:\Users\Anita\Local Sites\hotelcms\app\public\wp-includes\update.php:249
[08-Apr-2026 08:07:07 UTC] PHP  16. wp_trigger_error($function_name = 'wp_version_check', $message = 'An unexpected error occurred. Something may be wrong with WordPress.org or this server&#8217;s configuration. If you continue to have problems, please try the <a href="https://wordpress.org/support/forums/">support forums</a>. (WordPress could not establish a secure connection to WordPress.org. Please contact your server administrator.)', $error_level = 512) C:\Users\Anita\Local Sites\hotelcms\app\public\wp-includes\update.php:249
[08-Apr-2026 08:07:07 UTC] PHP  17. trigger_error($message = 'wp_version_check(): An unexpected error occurred. Something may be wrong with WordPress.org or this server&#8217;s configuration. If you continue to have problems, please try the <a href="https://wordpress.org/support/forums/">support forums</a>. (WordPress could not establish a secure connection to WordPress.org. Please contact your server administrator.)', $error_level = 512) C:\Users\Anita\Local Sites\hotelcms\app\public\wp-includes\functions.php:6131
[08-Apr-2026 08:07:07 UTC] PHP  17. trigger_error($message = 'wp_version_check(): An unexpected error occurred. Something may be wrong with WordPress.org or this server&#8217;s configuration. If you continue to have problems, please try the <a href="https://wordpress.org/support/forums/">support forums</a>. (WordPress could not establish a secure connection to WordPress.org. Please contact your server administrator.)', $error_level = 512) C:\Users\Anita\Local Sites\hotelcms\app\public\wp-includes\functions.php:6131
[08-Apr-2026 08:59:19 UTC] PHP Warning:  wp_version_check(): An unexpected error occurred. Something may be wrong with WordPress.org or this server&#8217;s configuration. If you continue to have problems, please try the <a href="https://wordpress.org/support/forums/">support forums</a>. (WordPress could not establish a secure connection to WordPress.org. Please contact your server administrator.) in C:\Users\Anita\Local Sites\hotelcms\app\public\wp-includes\functions.php on line 6131
[08-Apr-2026 08:59:19 UTC] PHP Stack trace:
[08-Apr-2026 08:59:19 UTC] PHP   1. {main}() C:\Users\Anita\AppData\Local\Programs\Local\resources\extraResources\bin\wp-cli\wp-cli.phar:0
[08-Apr-2026 08:59:19 UTC] PHP   2. include() C:\Users\Anita\AppData\Local\Programs\Local\resources\extraResources\bin\wp-cli\wp-cli.phar:4
[08-Apr-2026 08:59:19 UTC] PHP   3. include() phar://C:/Users/Anita/AppData/Local/Programs/Local/resources/extraResources/bin/wp-cli/wp-cli.phar/php/boot-phar.php:20
[08-Apr-2026 08:59:19 UTC] PHP   4. WP_CLI\bootstrap() phar://C:/Users/Anita/AppData/Local/Programs/Local/resources/extraResources/bin/wp-cli/wp-cli.phar/vendor/wp-cli/wp-cli/php/wp-cli.php:35
[08-Apr-2026 08:59:19 UTC] PHP   5. WP_CLI\Bootstrap\LaunchRunner->process($state = class WP_CLI\Bootstrap\BootstrapState { private $state = ['config' => [...], 'arguments' => [...], 'assoc_args' => [...], 'context_manager' => class WP_CLI\ContextManager { ... }] }) phar://C:/Users/Anita/AppData/Local/Programs/Local/resources/extraResources/bin/wp-cli/wp-cli.phar/vendor/wp-cli/wp-cli/php/bootstrap.php:84
[08-Apr-2026 08:59:19 UTC] PHP   6. WP_CLI\Runner->start() phar://C:/Users/Anita/AppData/Local/Programs/Local/resources/extraResources/bin/wp-cli/wp-cli.phar/vendor/wp-cli/wp-cli/php/WP_CLI/Bootstrap/LaunchRunner.php:28
[08-Apr-2026 08:59:19 UTC] PHP   7. WP_CLI\Runner->run_command_and_exit($help_exit_warning = *uninitialized*) phar://C:/Users/Anita/AppData/Local/Programs/Local/resources/extraResources/bin/wp-cli/wp-cli.phar/vendor/wp-cli/wp-cli/php/WP_CLI/Runner.php:1295
[08-Apr-2026 08:59:19 UTC] PHP   8. WP_CLI\Runner->run_command($args = [0 => 'core', 1 => 'check-update'], $assoc_args = ['field' => 'version'], $options = *uninitialized*) phar://C:/Users/Anita/AppData/Local/Programs/Local/resources/extraResources/bin/wp-cli/wp-cli.phar/vendor/wp-cli/wp-cli/php/WP_CLI/Runner.php:493
[08-Apr-2026 08:59:19 UTC] PHP   9. WP_CLI\Dispatcher\Subcommand->invoke($args = [], $assoc_args = ['field' => 'version'], $extra_args = []) phar://C:/Users/Anita/AppData/Local/Programs/Local/resources/extraResources/bin/wp-cli/wp-cli.phar/vendor/wp-cli/wp-cli/php/WP_CLI/Runner.php:470
[08-Apr-2026 08:59:19 UTC] PHP  10. call_user_func:{phar://C:/Users/Anita/AppData/Local/Programs/Local/resources/extraResources/bin/wp-cli/wp-cli.phar/vendor/wp-cli/wp-cli/php/WP_CLI/Dispatcher/Subcommand.php:497}($callback = class Closure { public $static = ['callable' => [...]]; public $parameter = ['$args' => '<required>', '$assoc_args' => '<required>'] }, ...$args = variadic(['field' => 'version', 'format' => 'table'])) phar://C:/Users/Anita/AppData/Local/Programs/Local/resources/extraResources/bin/wp-cli/wp-cli.phar/vendor/wp-cli/wp-cli/php/WP_CLI/Dispatcher/Subcommand.php:497
[08-Apr-2026 08:59:19 UTC] PHP  11. WP_CLI\Dispatcher\CommandFactory::WP_CLI\Dispatcher\{closure:phar://C:/Users/Anita/AppData/Local/Programs/Local/resources/extraResources/bin/wp-cli/wp-cli.phar/vendor/wp-cli/wp-cli/php/WP_CLI/Dispatcher/CommandFactory.php:97-104}($args = [], $assoc_args = ['field' => 'version', 'format' => 'table']) phar://C:/Users/Anita/AppData/Local/Programs/Local/resources/extraResources/bin/wp-cli/wp-cli.phar/vendor/wp-cli/wp-cli/php/WP_CLI/Dispatcher/Subcommand.php:497
[08-Apr-2026 08:59:19 UTC] PHP  12. call_user_func:{phar://C:/Users/Anita/AppData/Local/Programs/Local/resources/extraResources/bin/wp-cli/wp-cli.phar/vendor/wp-cli/wp-cli/php/WP_CLI/Dispatcher/CommandFactory.php:100}($callback = [0 => class Core_Command {  }, 1 => 'check_update'], ...$args = variadic(['field' => 'version', 'format' => 'table'])) phar://C:/Users/Anita/AppData/Local/Programs/Local/resources/extraResources/bin/wp-cli/wp-cli.phar/vendor/wp-cli/wp-cli/php/WP_CLI/Dispatcher/CommandFactory.php:100
[08-Apr-2026 08:59:19 UTC] PHP  13. Core_Command->check_update($_ = [], $assoc_args = ['field' => 'version', 'format' => 'table']) phar://C:/Users/Anita/AppData/Local/Programs/Local/resources/extraResources/bin/wp-cli/wp-cli.phar/vendor/wp-cli/wp-cli/php/WP_CLI/Dispatcher/CommandFactory.php:100
[08-Apr-2026 08:59:19 UTC] PHP  14. Core_Command->get_updates($assoc_args = ['field' => 'version', 'format' => 'table']) phar://C:/Users/Anita/AppData/Local/Programs/Local/resources/extraResources/bin/wp-cli/wp-cli.phar/vendor/wp-cli/core-command/src/Core_Command.php:82
[08-Apr-2026 08:59:19 UTC] PHP  15. wp_version_check($extra_stats = [], $force_check = NULL) phar://C:/Users/Anita/AppData/Local/Programs/Local/resources/extraResources/bin/wp-cli/wp-cli.phar/vendor/wp-cli/core-command/src/Core_Command.php:1356
[08-Apr-2026 08:59:19 UTC] PHP  16. wp_trigger_error($function_name = 'wp_version_check', $message = 'An unexpected error occurred. Something may be wrong with WordPress.org or this server&#8217;s configuration. If you continue to have problems, please try the <a href="https://wordpress.org/support/forums/">support forums</a>. (WordPress could not establish a secure connection to WordPress.org. Please contact your server administrator.)', $error_level = 512) C:\Users\Anita\Local Sites\hotelcms\app\public\wp-includes\update.php:249
[08-Apr-2026 08:59:19 UTC] PHP  17. trigger_error($message = 'wp_version_check(): An unexpected error occurred. Something may be wrong with WordPress.org or this server&#8217;s configuration. If you continue to have problems, please try the <a href="https://wordpress.org/support/forums/">support forums</a>. (WordPress could not establish a secure connection to WordPress.org. Please contact your server administrator.)', $error_level = 512) C:\Users\Anita\Local Sites\hotelcms\app\public\wp-includes\functions.php:6131
